
> ai-cms-backend@1.0.0 dev
> nodemon src/server.js

[33m[nodemon] 3.1.14[39m
[33m[nodemon] to restart at any time, enter `rs`[39m
[33m[nodemon] watching path(s): *.*[39m
[33m[nodemon] watching extensions: js,mjs,cjs,json[39m
[32m[nodemon] starting `node src/server.js`[39m
[2026-04-22T18:35:46.467Z] [INFO] MongoDB mode: atlas
[2026-04-22T18:35:47.578Z] [INFO] AI-CMS Backend running at http://localhost:5125
[2026-04-22T18:35:47.578Z] [INFO] Swagger docs available at http://localhost:5125/api-docs
[2026-04-22T18:36:01.086Z] [INFO] POST /api/v1/auth/register 500 14ms
[32m[nodemon] restarting due to changes...[39m
[32m[nodemon] restarting due to changes...[39m
[32m[nodemon] starting `node src/server.js`[39m
[2026-04-22T18:37:06.496Z] [INFO] MongoDB mode: atlas
[2026-04-22T18:37:07.417Z] [INFO] AI-CMS Backend running at http://localhost:5125
[2026-04-22T18:37:07.417Z] [INFO] Swagger docs available at http://localhost:5125/api-docs
[32m[nodemon] restarting due to changes...[39m
[32m[nodemon] starting `node src/server.js`[39m
[2026-04-22T18:38:10.039Z] [INFO] MongoDB mode: atlas
[2026-04-22T18:38:10.909Z] [INFO] AI-CMS Backend running at http://localhost:5125
[2026-04-22T18:38:10.909Z] [INFO] Swagger docs available at http://localhost:5125/api-docs
[32m[nodemon] restarting due to changes...[39m
[32m[nodemon] restarting due to changes...[39m
[32m[nodemon] starting `node src/server.js`[39m
[2026-04-22T18:59:39.037Z] [INFO] MongoDB mode: atlas
[2026-04-22T18:59:39.835Z] [INFO] MongoDB connection established successfully.
[2026-04-22T18:59:39.837Z] [INFO] AI-CMS Backend running at http://localhost:5125
[2026-04-22T18:59:39.837Z] [INFO] Swagger docs available at http://localhost:5125/api-docs
